<?xml version="1.0" encoding="UTF-8"?>
<testsuite xmlns:xsi="http://www.w3.org/2001/XMLSchema-instance" xsi:noNamespaceSchemaLocation="https://maven.apache.org/surefire/maven-surefire-plugin/xsd/surefire-test-report.xsd" version="3.0.2" name="com.loc.microservices.api_gateway_service_spring_boot.ApiGatewayServiceSpringBootApplicationTests" time="1.56" tests="1" errors="0" skipped="0" failures="0">
  <properties>
[...]
</properties>
  <testcase name="contextLoads" classname="com.loc.microservices.api_gateway_service_spring_boot.ApiGatewayServiceSpringBootApplicationTests" time="0.302">
    <system-out><![CDATA[22:31:29.106 [main] INFO org.springframework.test.context.support.AnnotationConfigContextLoaderUtils -- Could not detect default configuration classes for test class [com.loc.microservices.api_gateway_service_spring_boot.ApiGatewayServiceSpringBootApplicationTests]: ApiGatewayServiceSpringBootApplicationTests does not declare any static, non-private, non-final, nested classes annotated with @Configuration.
22:31:29.143 [main] INFO org.springframework.boot.test.context.SpringBootTestContextBootstrapper -- Found @SpringBootConfiguration com.loc.microservices.api_gateway_service_spring_boot.ApiGatewayServiceSpringBootApplication for test class com.loc.microservices.api_gateway_service_spring_boot.ApiGatewayServiceSpringBootApplicationTests

  .   ____          _            __ _ _
 /\\ / ___'_ __ _ _(_)_ __  __ _ \ \ \ \
( ( )\___ | '_ | '_| | '_ \/ _` | \ \ \ \
 \\/  ___)| |_)| | | | | || (_| |  ) ) ) )
  '  |____| .__|_| |_|_| |_\__, | / / / /
 =========|_|==============|___/=/_/_/_/

 :: Spring Boot ::                (v3.4.4)

2025-04-23T22:31:29.357+09:00  INFO 64873 --- [api_gateway_service_spring_boot] [           main] GatewayServiceSpringBootApplicationTests : Starting ApiGatewayServiceSpringBootApplicationTests using Java 24 with PID 64873 (started by l-phan in /Users/l-phan/Documents/my-project/microservice-spring-boot/api-gateway-service-spring-boot)
2025-04-23T22:31:29.358+09:00  INFO 64873 --- [api_gateway_service_spring_boot] [           main] GatewayServiceSpringBootApplicationTests : No active profile set, falling back to 1 default profile: "default"
2025-04-23T22:31:29.367+09:00 DEBUG 64873 --- [api_gateway_service_spring_boot] [           main] o.s.w.c.s.GenericWebApplicationContext   : Refreshing org.springframework.web.context.support.GenericWebApplicationContext@5d10455d
2025-04-23T22:31:29.791+09:00  INFO 64873 --- [api_gateway_service_spring_boot] [           main] o.s.cloud.context.scope.GenericScope     : BeanFactory id=4c635e74-9df2-330b-a6b4-c7448d8400f7
2025-04-23T22:31:29.859+09:00 DEBUG 64873 --- [api_gateway_service_spring_boot] [           main] swordEncoderAuthenticationManagerBuilder : No authenticationProviders and no parentAuthenticationManager defined. Returning null.
2025-04-23T22:31:29.901+09:00 DEBUG 64873 --- [api_gateway_service_spring_boot] [           main] s.w.s.m.m.a.RequestMappingHandlerMapping : 2 mappings in 'requestMappingHandlerMapping'
2025-04-23T22:31:29.928+09:00 DEBUG 64873 --- [api_gateway_service_spring_boot] [           main] o.s.w.s.f.support.RouterFunctionMapping  : 5 RouterFunction(s) in 'routerFunctionMapping'
2025-04-23T22:31:29.933+09:00 DEBUG 64873 --- [api_gateway_service_spring_boot] [           main] o.s.w.s.handler.SimpleUrlHandlerMapping  : Patterns [/webjars/**, /**] in 'resourceHandlerMapping'
2025-04-23T22:31:30.071+09:00  INFO 64873 --- [api_gateway_service_spring_boot] [           main] o.s.b.a.e.web.EndpointLinksResolver      : Exposing 26 endpoints beneath base path '/actuator'
2025-04-23T22:31:30.107+09:00 DEBUG 64873 --- [api_gateway_service_spring_boot] [           main] o.s.s.web.DefaultSecurityFilterChain     : Will secure any request with filters: DisableEncodeUrlFilter, WebAsyncManagerIntegrationFilter, SecurityContextHolderFilter, HeaderWriterFilter, CorsFilter, LogoutFilter, BearerTokenAuthenticationFilter, RequestCacheAwareFilter, SecurityContextHolderAwareRequestFilter, AnonymousAuthenticationFilter, ExceptionTranslationFilter, AuthorizationFilter
2025-04-23T22:31:30.138+09:00 DEBUG 64873 --- [api_gateway_service_spring_boot] [           main] s.w.s.m.m.a.RequestMappingHandlerAdapter : ControllerAdvice beans: 0 @ModelAttribute, 0 @InitBinder, 1 RequestBodyAdvice, 1 ResponseBodyAdvice
2025-04-23T22:31:30.149+09:00 DEBUG 64873 --- [api_gateway_service_spring_boot] [           main] .m.m.a.ExceptionHandlerExceptionResolver : ControllerAdvice beans: 0 @ExceptionHandler, 1 ResponseBodyAdvice
2025-04-23T22:31:30.280+09:00  INFO 64873 --- [api_gateway_service_spring_boot] [           main] GatewayServiceSpringBootApplicationTests : Started ApiGatewayServiceSpringBootApplicationTests in 1.014 seconds (process running for 1.418)
]]></system-out>
    <system-err><![CDATA[Mockito is currently self-attaching to enable the inline-mock-maker. This will no longer work in future releases of the JDK. Please add Mockito as an agent to your build what is described in Mockito's documentation: https://javadoc.io/doc/org.mockito/mockito-core/latest/org/mockito/Mockito.html#0.3
WARNING: A Java agent has been loaded dynamically (/Users/l-phan/.m2/repository/net/bytebuddy/byte-buddy-agent/1.15.11/byte-buddy-agent-1.15.11.jar)
WARNING: If a serviceability tool is in use, please run with -XX:+EnableDynamicAgentLoading to hide this warning
WARNING: If a serviceability tool is not in use, please run with -Djdk.instrument.traceUsage for more information
WARNING: Dynamic loading of agents will be disallowed by default in a future release
]]></system-err>
  </testcase>
</testsuite>